<?xml version="1.0" encoding="UTF-8"?>
<testng-results skipped="0" failed="1" ignored="0" total="4" passed="3">
  <reporter-output>
  </reporter-output>
  <suite name="NYPost Test Script (0)" duration-ms="88138" started-at="2021-04-07T22:35:45 EDT" finished-at="2021-04-07T22:37:13 EDT">
    <groups>
    </groups>
    <test name="NYP Home" duration-ms="88138" started-at="2021-04-07T22:35:45 EDT" finished-at="2021-04-07T22:37:13 EDT">
      <class name="landingpage.SectionArticleNews">
        <test-method status="PASS" signature="setUp(java.lang.String)[pri:0, instance:landingpage.SectionArticleNews@7a1ebcd8]" name="setUp" is-config="true" duration-ms="87137" started-at="2021-04-07T22:35:45 EDT" finished-at="2021-04-07T22:37:12 EDT">
          <params>
            <param index="0">
              <value>
                <![CDATA[https://nypost.com/]]>
              </value>
            </param>
          </params>
          <reporter-output>
          </reporter-output>
        </test-method> <!-- setUp -->
        <test-method status="PASS" signature="getSectionNews()[pri:0, instance:landingpage.SectionArticleNews@7a1ebcd8]" name="getSectionNews" duration-ms="691" started-at="2021-04-07T22:37:12 EDT" finished-at="2021-04-07T22:37:13 EDT">
          <reporter-output>
          </reporter-output>
        </test-method> <!-- getSectionNews -->
        <test-method status="PASS" signature="cleanup()[pri:0, instance:landingpage.SectionArticleNews@7a1ebcd8]" name="cleanup" is-config="true" duration-ms="307" started-at="2021-04-07T22:37:13 EDT" finished-at="2021-04-07T22:37:13 EDT">
          <reporter-output>
          </reporter-output>
        </test-method> <!-- cleanup -->
      </class> <!-- landingpage.SectionArticleNews -->
    </test> <!-- NYP Home -->
  </suite> <!-- NYPost Test Script (0) -->
  <suite name="NYPost Test Script" duration-ms="138828" started-at="2021-04-07T22:33:26 EDT" finished-at="2021-04-07T22:35:45 EDT">
    <groups>
    </groups>
    <test name="NYP Home" duration-ms="138828" started-at="2021-04-07T22:33:26 EDT" finished-at="2021-04-07T22:35:45 EDT">
      <class name="landingpage.HomePage">
        <test-method status="PASS" signature="setUp(java.lang.String)[pri:0, instance:landingpage.HomePage@50b494a6]" name="setUp" is-config="true" duration-ms="25922" started-at="2021-04-07T22:33:26 EDT" finished-at="2021-04-07T22:33:52 EDT">
          <params>
            <param index="0">
              <value>
                <![CDATA[https://nypost.com/]]>
              </value>
            </param>
          </params>
          <reporter-output>
          </reporter-output>
        </test-method> <!-- setUp -->
        <test-method status="PASS" signature="home()[pri:0, instance:landingpage.HomePage@50b494a6]" name="home" duration-ms="167" started-at="2021-04-07T22:33:52 EDT" finished-at="2021-04-07T22:33:52 EDT">
          <reporter-output>
          </reporter-output>
        </test-method> <!-- home -->
        <test-method status="PASS" signature="cleanup()[pri:0, instance:landingpage.HomePage@50b494a6]" name="cleanup" is-config="true" duration-ms="299" started-at="2021-04-07T22:33:52 EDT" finished-at="2021-04-07T22:33:52 EDT">
          <reporter-output>
          </reporter-output>
        </test-method> <!-- cleanup -->
      </class> <!-- landingpage.HomePage -->
      <class name="landingpage.TestAllFunctionality">
        <test-method status="PASS" signature="setUp(java.lang.String)[pri:0, instance:landingpage.TestAllFunctionality@6895a785]" name="setUp" is-config="true" duration-ms="29658" started-at="2021-04-07T22:35:05 EDT" finished-at="2021-04-07T22:35:34 EDT">
          <params>
            <param index="0">
              <value>
                <![CDATA[https://nypost.com/]]>
              </value>
            </param>
          </params>
          <reporter-output>
          </reporter-output>
        </test-method> <!-- setUp -->
        <test-method status="FAIL" signature="newsFeatures()[pri:0, instance:landingpage.TestAllFunctionality@6895a785]" name="newsFeatures" duration-ms="10114" started-at="2021-04-07T22:35:34 EDT" finished-at="2021-04-07T22:35:44 EDT">
          <exception class="org.openqa.selenium.NoSuchElementException">
            <message>
              <![CDATA[no such element: Unable to locate element: {"method":"css selector","selector":"#page-nev"}
  (Session info: chrome=89.0.4389.114)
For documentation on this error, please visit: https://selenium.dev/exceptions/#no_such_element
Build info: version: '4.0.0-beta-2', revision: '4ec0cfc112'
System info: host: 'TASLIM', ip: '10.0.1.10', os.name: 'Windows 10', os.arch: 'amd64', os.version: '10.0', java.version: '1.8.0_261'
Driver info: org.openqa.selenium.chrome.ChromeDriver
Command: [64ada121801497ce2491fe4f1b40696f, findElement {using=css selector, value=#page-nev}]
Capabilities {acceptInsecureCerts: false, browserName: chrome, browserVersion: 89.0.4389.114, chrome: {chromedriverVersion: 89.0.4389.23 (61b08ee2c5002..., userDataDir: C:\Users\HP\AppData\Local\T...}, goog:chromeOptions: {debuggerAddress: localhost:62034}, javascriptEnabled: true, networkConnectionEnabled: false, pageLoadStrategy: normal, platform: WINDOWS, platformName: WINDOWS, proxy: Proxy(), setWindowRect: true, strictFileInteractability: false, timeouts: {implicit: 0, pageLoad: 300000, script: 30000}, unhandledPromptBehavior: dismiss and notify, webauthn:extension:largeBlob: true, webauthn:virtualAuthenticators: true}
Session ID: 64ada121801497ce2491fe4f1b40696f]]>
            </message>
            <full-stacktrace>
              <![CDATA[org.openqa.selenium.NoSuchElementException: no such element: Unable to locate element: {"method":"css selector","selector":"#page-nev"}
  (Session info: chrome=89.0.4389.114)
For documentation on this error, please visit: https://selenium.dev/exceptions/#no_such_element
Build info: version: '4.0.0-beta-2', revision: '4ec0cfc112'
System info: host: 'TASLIM', ip: '10.0.1.10', os.name: 'Windows 10', os.arch: 'amd64', os.version: '10.0', java.version: '1.8.0_261'
Driver info: org.openqa.selenium.chrome.ChromeDriver
Command: [64ada121801497ce2491fe4f1b40696f, findElement {using=css selector, value=#page-nev}]
Capabilities {acceptInsecureCerts: false, browserName: chrome, browserVersion: 89.0.4389.114, chrome: {chromedriverVersion: 89.0.4389.23 (61b08ee2c5002..., userDataDir: C:\Users\HP\AppData\Local\T...}, goog:chromeOptions: {debuggerAddress: localhost:62034}, javascriptEnabled: true, networkConnectionEnabled: false, pageLoadStrategy: normal, platform: WINDOWS, platformName: WINDOWS, proxy: Proxy(), setWindowRect: true, strictFileInteractability: false, timeouts: {implicit: 0, pageLoad: 300000, script: 30000}, unhandledPromptBehavior: dismiss and notify, webauthn:extension:largeBlob: true, webauthn:virtualAuthenticators: true}
Session ID: 64ada121801497ce2491fe4f1b40696f
at sun.reflect.NativeConstructorAccessorImpl.newInstance0(Native Method)
at sun.reflect.NativeConstructorAccessorImpl.newInstance(NativeConstructorAccessorImpl.java:62)
at sun.reflect.DelegatingConstructorAccessorImpl.newInstance(DelegatingConstructorAccessorImpl.java:45)
at java.lang.reflect.Constructor.newInstance(Constructor.java:423)
at org.openqa.selenium.remote.codec.w3c.W3CHttpResponseCodec.createException(W3CHttpResponseCodec.java:195)
at org.openqa.selenium.remote.codec.w3c.W3CHttpResponseCodec.decode(W3CHttpResponseCodec.java:128)
at org.openqa.selenium.remote.codec.w3c.W3CHttpResponseCodec.decode(W3CHttpResponseCodec.java:52)
at org.openqa.selenium.remote.HttpCommandExecutor.execute(HttpCommandExecutor.java:187)
at org.openqa.selenium.remote.service.DriverCommandExecutor.invokeExecute(DriverCommandExecutor.java:153)
at org.openqa.selenium.remote.service.DriverCommandExecutor.execute(DriverCommandExecutor.java:128)
at org.openqa.selenium.remote.RemoteWebDriver.execute(RemoteWebDriver.java:620)
at org.openqa.selenium.remote.RemoteWebDriver$Mechanism$2.findElement(RemoteWebDriver.java:1259)
at org.openqa.selenium.remote.RemoteWebDriver.findElement(RemoteWebDriver.java:388)
at org.openqa.selenium.remote.RemoteWebDriver.findElement(RemoteWebDriver.java:382)
at org.openqa.selenium.support.pagefactory.DefaultElementLocator.findElement(DefaultElementLocator.java:70)
at org.openqa.selenium.support.pagefactory.internal.LocatingElementHandler.invoke(LocatingElementHandler.java:39)
at com.sun.proxy.$Proxy13.click(Unknown Source)
at pages.LandingPage.clickOnSectionMenu(LandingPage.java:19)
at pages.AllFunctionality.clickOnSectionMenu(AllFunctionality.java:14)
at pages.AllFunctionality.sectionMenu(AllFunctionality.java:18)
at landingpage.TestAllFunctionality.newsFeatures(TestAllFunctionality.java:13)
at sun.reflect.NativeMethodAccessorImpl.invoke0(Native Method)
at sun.reflect.NativeMethodAccessorImpl.invoke(NativeMethodAccessorImpl.java:62)
at sun.reflect.DelegatingMethodAccessorImpl.invoke(DelegatingMethodAccessorImpl.java:43)
at java.lang.reflect.Method.invoke(Method.java:498)
at org.testng.internal.MethodInvocationHelper.invokeMethod(MethodInvocationHelper.java:133)
at org.testng.internal.TestInvoker.invokeMethod(TestInvoker.java:598)
at org.testng.internal.TestInvoker.invokeTestMethod(TestInvoker.java:173)
at org.testng.internal.MethodRunner.runInSequence(MethodRunner.java:46)
at org.testng.internal.TestInvoker$MethodInvocationAgent.invoke(TestInvoker.java:824)
at org.testng.internal.TestInvoker.invokeTestMethods(TestInvoker.java:146)
at org.testng.internal.TestMethodWorker.invokeTestMethods(TestMethodWorker.java:146)
at org.testng.internal.TestMethodWorker.run(TestMethodWorker.java:128)
at java.util.ArrayList.forEach(ArrayList.java:1259)
at org.testng.TestRunner.privateRun(TestRunner.java:794)
at org.testng.TestRunner.run(TestRunner.java:596)
at org.testng.SuiteRunner.runTest(SuiteRunner.java:377)
at org.testng.SuiteRunner.runSequentially(SuiteRunner.java:371)
at org.testng.SuiteRunner.privateRun(SuiteRunner.java:332)
at org.testng.SuiteRunner.run(SuiteRunner.java:276)
at org.testng.SuiteRunnerWorker.runSuite(SuiteRunnerWorker.java:53)
at org.testng.SuiteRunnerWorker.run(SuiteRunnerWorker.java:96)
at org.testng.TestNG.runSuitesSequentially(TestNG.java:1212)
at org.testng.TestNG.runSuitesLocally(TestNG.java:1134)
at org.testng.TestNG.runSuites(TestNG.java:1063)
at org.testng.TestNG.run(TestNG.java:1031)
at org.apache.maven.surefire.testng.TestNGExecutor.run(TestNGExecutor.java:283)
at org.apache.maven.surefire.testng.TestNGXmlTestSuite.execute(TestNGXmlTestSuite.java:75)
at org.apache.maven.surefire.testng.TestNGProvider.invoke(TestNGProvider.java:120)
at org.apache.maven.surefire.booter.ForkedBooter.invokeProviderInSameClassLoader(ForkedBooter.java:384)
at org.apache.maven.surefire.booter.ForkedBooter.runSuitesInProcess(ForkedBooter.java:345)
at org.apache.maven.surefire.booter.ForkedBooter.execute(ForkedBooter.java:126)
at org.apache.maven.surefire.booter.ForkedBooter.main(ForkedBooter.java:418)
]]>
            </full-stacktrace>
          </exception> <!-- org.openqa.selenium.NoSuchElementException -->
          <reporter-output>
          </reporter-output>
        </test-method> <!-- newsFeatures -->
        <test-method status="PASS" signature="cleanup()[pri:0, instance:landingpage.TestAllFunctionality@6895a785]" name="cleanup" is-config="true" duration-ms="327" started-at="2021-04-07T22:35:44 EDT" finished-at="2021-04-07T22:35:45 EDT">
          <reporter-output>
          </reporter-output>
        </test-method> <!-- cleanup -->
      </class> <!-- landingpage.TestAllFunctionality -->
      <class name="landingpage.TestSearchPage">
        <test-method status="PASS" signature="setUp(java.lang.String)[pri:0, instance:landingpage.TestSearchPage@48503868]" name="setUp" is-config="true" duration-ms="70788" started-at="2021-04-07T22:33:52 EDT" finished-at="2021-04-07T22:35:03 EDT">
          <params>
            <param index="0">
              <value>
                <![CDATA[https://nypost.com/]]>
              </value>
            </param>
          </params>
          <reporter-output>
          </reporter-output>
        </test-method> <!-- setUp -->
        <test-method status="PASS" signature="search()[pri:0, instance:landingpage.TestSearchPage@48503868]" name="search" duration-ms="1071" started-at="2021-04-07T22:35:03 EDT" finished-at="2021-04-07T22:35:04 EDT">
          <reporter-output>
          </reporter-output>
        </test-method> <!-- search -->
        <test-method status="PASS" signature="cleanup()[pri:0, instance:landingpage.TestSearchPage@48503868]" name="cleanup" is-config="true" duration-ms="435" started-at="2021-04-07T22:35:04 EDT" finished-at="2021-04-07T22:35:05 EDT">
          <reporter-output>
          </reporter-output>
        </test-method> <!-- cleanup -->
      </class> <!-- landingpage.TestSearchPage -->
    </test> <!-- NYP Home -->
  </suite> <!-- NYPost Test Script -->
</testng-results>
