<?xml version="1.0" encoding="UTF-8"?>
<!-- Generated by org.testng.reporters.JUnitXMLReporter -->
<testsuite hostname="Taslim" ignored="0" name="Amazon Home" tests="4" failures="0" timestamp="2021-04-07T22:33:24 EDT" time="78.773" errors="0">
  <testcase name="checkTitle" time="0.032" classname="landingpage.HomePage"/>
  <testcase name="search" time="45.253" classname="landingpage.SearchPage"/>
  <testcase name="dropDownMenu1" time="1.25" classname="landingpage.DropDownMenu1"/>
  <testcase name="dropDownMenu2" time="1.325" classname="landingpage.DropDownMenu2"/>
</testsuite> <!-- Amazon Home -->
